<?xml version="1.0" encoding="UTF-8"?>
<testng-results ignored="0" total="1" passed="1" failed="0" skipped="0">
  <reporter-output>
  </reporter-output>
  <suite started-at="2023-06-29T07:40:43 IST" name="Default suite" finished-at="2023-06-29T07:42:29 IST" duration-ms="105894">
    <groups>
    </groups>
    <test started-at="2023-06-29T07:40:43 IST" name="Default test" finished-at="2023-06-29T07:42:29 IST" duration-ms="105894">
      <class name="Testcases.Login_page_testcases">
        <test-method signature="launch_browser()[pri:0, instance:Testcases.Login_page_testcases@55536d9e]" started-at="2023-06-29T07:40:43 IST" name="launch_browser" finished-at="2023-06-29T07:42:29 IST" duration-ms="105730" status="PASS">
          <reporter-output>
          </reporter-output>
        </test-method> <!-- launch_browser -->
      </class> <!-- Testcases.Login_page_testcases -->
    </test> <!-- Default test -->
  </suite> <!-- Default suite -->
</testng-results>
